{"C:\\Users\\81805\\money_management\\client\\src\\common\\apiEndpoint.ts": {"path":"C:\\Users\\81805\\money_management\\client\\src\\common\\apiEndpoint.ts","statementMap":{"0":{"start":{"line":1,"column":0},"end":{"line":1,"column":32}},"1":{"start":{"line":5,"column":4},"end":{"line":5,"column":44}},"2":{"start":{"line":9,"column":4},"end":{"line":9,"column":50}},"3":{"start":{"line":13,"column":4},"end":{"line":13,"column":49}},"4":{"start":{"line":17,"column":4},"end":{"line":17,"column":56}},"5":{"start":{"line":21,"column":4},"end":{"line":21,"column":50}},"6":{"start":{"line":25,"column":4},"end":{"line":25,"column":49}},"7":{"start":{"line":29,"column":4},"end":{"line":29,"column":71}},"8":{"start":{"line":57,"column":0},"end":{"line":57,"column":33}}},"fnMap":{"0":{"name":"(anonymous_1)","decl":{"start":{"line":4,"column":2},"end":{"line":4,"column":20}},"loc":{"start":{"line":4,"column":32},"end":{"line":6,"column":3}}},"1":{"name":"(anonymous_2)","decl":{"start":{"line":8,"column":2},"end":{"line":8,"column":15}},"loc":{"start":{"line":8,"column":27},"end":{"line":10,"column":3}}},"2":{"name":"(anonymous_3)","decl":{"start":{"line":12,"column":2},"end":{"line":12,"column":14}},"loc":{"start":{"line":12,"column":26},"end":{"line":14,"column":3}}},"3":{"name":"(anonymous_4)","decl":{"start":{"line":16,"column":2},"end":{"line":16,"column":20}},"loc":{"start":{"line":16,"column":32},"end":{"line":18,"column":3}}},"4":{"name":"(anonymous_5)","decl":{"start":{"line":20,"column":2},"end":{"line":20,"column":14}},"loc":{"start":{"line":20,"column":24},"end":{"line":22,"column":3}}},"5":{"name":"(anonymous_6)","decl":{"start":{"line":24,"column":2},"end":{"line":24,"column":14}},"loc":{"start":{"line":24,"column":24},"end":{"line":26,"column":3}}},"6":{"name":"(anonymous_7)","decl":{"start":{"line":28,"column":2},"end":{"line":28,"column":14}},"loc":{"start":{"line":28,"column":22},"end":{"line":30,"column":3}}}},"branchMap":{},"s":{"0":1,"1":1,"2":1,"3":1,"4":1,"5":1,"6":1,"7":1,"8":1},"f":{"0":1,"1":1,"2":1,"3":1,"4":1,"5":1,"6":1},"b":{}}
,"C:\\Users\\81805\\money_management\\client\\src\\common\\format.ts": {"path":"C:\\Users\\81805\\money_management\\client\\src\\common\\format.ts","statementMap":{"0":{"start":{"line":4,"column":22},"end":{"line":4,"column":43}},"1":{"start":{"line":5,"column":8},"end":{"line":21,"column":null}},"2":{"start":{"line":6,"column":12},"end":{"line":6,"column":null}},"3":{"start":{"line":7,"column":15},"end":{"line":21,"column":null}},"4":{"start":{"line":8,"column":28},"end":{"line":8,"column":46}},"5":{"start":{"line":9,"column":29},"end":{"line":9,"column":48}},"6":{"start":{"line":10,"column":28},"end":{"line":10,"column":42}},"7":{"start":{"line":11,"column":12},"end":{"line":17,"column":null}},"8":{"start":{"line":12,"column":16},"end":{"line":12,"column":null}},"9":{"start":{"line":13,"column":19},"end":{"line":17,"column":null}},"10":{"start":{"line":14,"column":16},"end":{"line":14,"column":null}},"11":{"start":{"line":15,"column":19},"end":{"line":17,"column":null}},"12":{"start":{"line":16,"column":16},"end":{"line":16,"column":null}},"13":{"start":{"line":18,"column":12},"end":{"line":18,"column":null}},"14":{"start":{"line":20,"column":12},"end":{"line":20,"column":null}},"15":{"start":{"line":26,"column":8},"end":{"line":29,"column":null}},"16":{"start":{"line":28,"column":12},"end":{"line":28,"column":null}},"17":{"start":{"line":31,"column":22},"end":{"line":31,"column":40}},"18":{"start":{"line":32,"column":22},"end":{"line":32,"column":40}},"19":{"start":{"line":35,"column":8},"end":{"line":37,"column":null}},"20":{"start":{"line":36,"column":12},"end":{"line":36,"column":60}},"21":{"start":{"line":40,"column":25},"end":{"line":40,"column":68}},"22":{"start":{"line":41,"column":25},"end":{"line":41,"column":65}},"23":{"start":{"line":43,"column":8},"end":{"line":43,"column":null}},"24":{"start":{"line":47,"column":0},"end":{"line":47,"column":null}}},"fnMap":{"0":{"name":"(anonymous_0)","decl":{"start":{"line":3,"column":4},"end":{"line":3,"column":8}},"loc":{"start":{"line":3,"column":40},"end":{"line":22,"column":5}}},"1":{"name":"(anonymous_1)","decl":{"start":{"line":24,"column":4},"end":{"line":24,"column":18}},"loc":{"start":{"line":24,"column":77},"end":{"line":44,"column":5}}}},"branchMap":{"0":{"loc":{"start":{"line":5,"column":8},"end":{"line":21,"column":null}},"type":"if","locations":[{"start":{"line":5,"column":8},"end":{"line":21,"column":null}},{"start":{"line":7,"column":15},"end":{"line":21,"column":null}}]},"1":{"loc":{"start":{"line":5,"column":12},"end":{"line":5,"column":56}},"type":"binary-expr","locations":[{"start":{"line":5,"column":12},"end":{"line":5,"column":36}},{"start":{"line":5,"column":40},"end":{"line":5,"column":56}}]},"2":{"loc":{"start":{"line":7,"column":15},"end":{"line":21,"column":null}},"type":"if","locations":[{"start":{"line":7,"column":15},"end":{"line":21,"column":null}},{"start":{"line":19,"column":15},"end":{"line":21,"column":null}}]},"3":{"loc":{"start":{"line":7,"column":19},"end":{"line":7,"column":65}},"type":"binary-expr","locations":[{"start":{"line":7,"column":19},"end":{"line":7,"column":39}},{"start":{"line":7,"column":43},"end":{"line":7,"column":65}}]},"4":{"loc":{"start":{"line":11,"column":12},"end":{"line":17,"column":null}},"type":"if","locations":[{"start":{"line":11,"column":12},"end":{"line":17,"column":null}},{"start":{"line":13,"column":19},"end":{"line":17,"column":null}}]},"5":{"loc":{"start":{"line":11,"column":16},"end":{"line":11,"column":49}},"type":"binary-expr","locations":[{"start":{"line":11,"column":16},"end":{"line":11,"column":33}},{"start":{"line":11,"column":37},"end":{"line":11,"column":49}}]},"6":{"loc":{"start":{"line":13,"column":19},"end":{"line":17,"column":null}},"type":"if","locations":[{"start":{"line":13,"column":19},"end":{"line":17,"column":null}},{"start":{"line":15,"column":19},"end":{"line":17,"column":null}}]},"7":{"loc":{"start":{"line":15,"column":19},"end":{"line":17,"column":null}},"type":"if","locations":[{"start":{"line":15,"column":19},"end":{"line":17,"column":null}}]},"8":{"loc":{"start":{"line":26,"column":8},"end":{"line":29,"column":null}},"type":"if","locations":[{"start":{"line":26,"column":8},"end":{"line":29,"column":null}}]},"9":{"loc":{"start":{"line":26,"column":12},"end":{"line":26,"column":34}},"type":"binary-expr","locations":[{"start":{"line":26,"column":12},"end":{"line":26,"column":21}},{"start":{"line":26,"column":25},"end":{"line":26,"column":34}}]},"10":{"loc":{"start":{"line":35,"column":8},"end":{"line":37,"column":null}},"type":"if","locations":[{"start":{"line":35,"column":8},"end":{"line":37,"column":null}}]},"11":{"loc":{"start":{"line":35,"column":12},"end":{"line":35,"column":60}},"type":"binary-expr","locations":[{"start":{"line":35,"column":12},"end":{"line":35,"column":34}},{"start":{"line":35,"column":38},"end":{"line":35,"column":60}}]}},"s":{"0":10,"1":10,"2":1,"3":9,"4":4,"5":4,"6":4,"7":4,"8":1,"9":3,"10":1,"11":2,"12":1,"13":1,"14":5,"15":6,"16":0,"17":6,"18":6,"19":6,"20":3,"21":3,"22":3,"23":3,"24":1},"f":{"0":10,"1":6},"b":{"0":[1,9],"1":[10,6],"2":[4,5],"3":[9,4],"4":[1,3],"5":[4,2],"6":[1,2],"7":[1],"8":[0],"9":[6,6],"10":[3],"11":[6,3]}}
,"C:\\Users\\81805\\money_management\\client\\src\\common\\httpCommon.ts": {"path":"C:\\Users\\81805\\money_management\\client\\src\\common\\httpCommon.ts","statementMap":{"0":{"start":{"line":1,"column":0},"end":{"line":1,"column":45}},"1":{"start":{"line":3,"column":33},"end":{"line":8,"column":2}},"2":{"start":{"line":10,"column":0},"end":{"line":10,"column":25}}},"fnMap":{},"branchMap":{},"s":{"0":1,"1":1,"2":1},"f":{},"b":{}}
,"C:\\Users\\81805\\money_management\\client\\src\\common\\vaildation.ts": {"path":"C:\\Users\\81805\\money_management\\client\\src\\common\\vaildation.ts","statementMap":{"0":{"start":{"line":4,"column":8},"end":{"line":6,"column":null}},"1":{"start":{"line":5,"column":12},"end":{"line":5,"column":null}},"2":{"start":{"line":7,"column":8},"end":{"line":7,"column":null}},"3":{"start":{"line":11,"column":20},"end":{"line":11,"column":33}},"4":{"start":{"line":12,"column":8},"end":{"line":20,"column":null}},"5":{"start":{"line":13,"column":12},"end":{"line":13,"column":null}},"6":{"start":{"line":14,"column":15},"end":{"line":20,"column":null}},"7":{"start":{"line":15,"column":12},"end":{"line":15,"column":null}},"8":{"start":{"line":16,"column":15},"end":{"line":20,"column":null}},"9":{"start":{"line":17,"column":12},"end":{"line":17,"column":null}},"10":{"start":{"line":19,"column":12},"end":{"line":19,"column":null}},"11":{"start":{"line":23,"column":8},"end":{"line":29,"column":null}},"12":{"start":{"line":24,"column":12},"end":{"line":24,"column":null}},"13":{"start":{"line":25,"column":15},"end":{"line":29,"column":null}},"14":{"start":{"line":26,"column":12},"end":{"line":26,"column":null}},"15":{"start":{"line":28,"column":12},"end":{"line":28,"column":null}},"16":{"start":{"line":32,"column":20},"end":{"line":32,"column":33}},"17":{"start":{"line":33,"column":8},"end":{"line":39,"column":null}},"18":{"start":{"line":34,"column":12},"end":{"line":34,"column":null}},"19":{"start":{"line":35,"column":15},"end":{"line":39,"column":null}},"20":{"start":{"line":36,"column":12},"end":{"line":36,"column":null}},"21":{"start":{"line":38,"column":12},"end":{"line":38,"column":null}},"22":{"start":{"line":42,"column":8},"end":{"line":48,"column":null}},"23":{"start":{"line":43,"column":12},"end":{"line":43,"column":null}},"24":{"start":{"line":44,"column":15},"end":{"line":48,"column":null}},"25":{"start":{"line":45,"column":12},"end":{"line":45,"column":null}},"26":{"start":{"line":47,"column":12},"end":{"line":47,"column":null}},"27":{"start":{"line":51,"column":20},"end":{"line":51,"column":33}},"28":{"start":{"line":52,"column":8},"end":{"line":54,"column":null}},"29":{"start":{"line":53,"column":12},"end":{"line":53,"column":null}},"30":{"start":{"line":55,"column":8},"end":{"line":55,"column":null}},"31":{"start":{"line":60,"column":2},"end":{"line":60,"column":34}}},"fnMap":{"0":{"name":"(anonymous_0)","decl":{"start":{"line":3,"column":4},"end":{"line":3,"column":13}},"loc":{"start":{"line":3,"column":25},"end":{"line":9,"column":5}}},"1":{"name":"(anonymous_1)","decl":{"start":{"line":10,"column":4},"end":{"line":10,"column":12}},"loc":{"start":{"line":10,"column":26},"end":{"line":21,"column":5}}},"2":{"name":"(anonymous_2)","decl":{"start":{"line":22,"column":4},"end":{"line":22,"column":17}},"loc":{"start":{"line":22,"column":31},"end":{"line":30,"column":5}}},"3":{"name":"(anonymous_3)","decl":{"start":{"line":31,"column":4},"end":{"line":31,"column":21}},"loc":{"start":{"line":31,"column":35},"end":{"line":40,"column":5}}},"4":{"name":"(anonymous_4)","decl":{"start":{"line":41,"column":4},"end":{"line":41,"column":23}},"loc":{"start":{"line":41,"column":37},"end":{"line":49,"column":5}}},"5":{"name":"(anonymous_5)","decl":{"start":{"line":50,"column":4},"end":{"line":50,"column":23}},"loc":{"start":{"line":50,"column":37},"end":{"line":56,"column":5}}}},"branchMap":{"0":{"loc":{"start":{"line":4,"column":8},"end":{"line":6,"column":null}},"type":"if","locations":[{"start":{"line":4,"column":8},"end":{"line":6,"column":null}}]},"1":{"loc":{"start":{"line":4,"column":12},"end":{"line":4,"column":57}},"type":"binary-expr","locations":[{"start":{"line":4,"column":12},"end":{"line":4,"column":18}},{"start":{"line":4,"column":22},"end":{"line":4,"column":57}}]},"2":{"loc":{"start":{"line":12,"column":8},"end":{"line":20,"column":null}},"type":"if","locations":[{"start":{"line":12,"column":8},"end":{"line":20,"column":null}},{"start":{"line":14,"column":15},"end":{"line":20,"column":null}}]},"3":{"loc":{"start":{"line":12,"column":12},"end":{"line":12,"column":61}},"type":"binary-expr","locations":[{"start":{"line":12,"column":13},"end":{"line":12,"column":17}},{"start":{"line":12,"column":21},"end":{"line":12,"column":44}},{"start":{"line":12,"column":49},"end":{"line":12,"column":61}}]},"4":{"loc":{"start":{"line":14,"column":15},"end":{"line":20,"column":null}},"type":"if","locations":[{"start":{"line":14,"column":15},"end":{"line":20,"column":null}},{"start":{"line":16,"column":15},"end":{"line":20,"column":null}}]},"5":{"loc":{"start":{"line":16,"column":15},"end":{"line":20,"column":null}},"type":"if","locations":[{"start":{"line":16,"column":15},"end":{"line":20,"column":null}},{"start":{"line":18,"column":15},"end":{"line":20,"column":null}}]},"6":{"loc":{"start":{"line":23,"column":8},"end":{"line":29,"column":null}},"type":"if","locations":[{"start":{"line":23,"column":8},"end":{"line":29,"column":null}},{"start":{"line":25,"column":15},"end":{"line":29,"column":null}}]},"7":{"loc":{"start":{"line":25,"column":15},"end":{"line":29,"column":null}},"type":"if","locations":[{"start":{"line":25,"column":15},"end":{"line":29,"column":null}},{"start":{"line":27,"column":15},"end":{"line":29,"column":null}}]},"8":{"loc":{"start":{"line":33,"column":8},"end":{"line":39,"column":null}},"type":"if","locations":[{"start":{"line":33,"column":8},"end":{"line":39,"column":null}},{"start":{"line":35,"column":15},"end":{"line":39,"column":null}}]},"9":{"loc":{"start":{"line":35,"column":15},"end":{"line":39,"column":null}},"type":"if","locations":[{"start":{"line":35,"column":15},"end":{"line":39,"column":null}},{"start":{"line":37,"column":15},"end":{"line":39,"column":null}}]},"10":{"loc":{"start":{"line":42,"column":8},"end":{"line":48,"column":null}},"type":"if","locations":[{"start":{"line":42,"column":8},"end":{"line":48,"column":null}},{"start":{"line":44,"column":15},"end":{"line":48,"column":null}}]},"11":{"loc":{"start":{"line":44,"column":15},"end":{"line":48,"column":null}},"type":"if","locations":[{"start":{"line":44,"column":15},"end":{"line":48,"column":null}},{"start":{"line":46,"column":15},"end":{"line":48,"column":null}}]},"12":{"loc":{"start":{"line":44,"column":19},"end":{"line":44,"column":107}},"type":"binary-expr","locations":[{"start":{"line":44,"column":19},"end":{"line":44,"column":33}},{"start":{"line":44,"column":37},"end":{"line":44,"column":51}},{"start":{"line":44,"column":55},"end":{"line":44,"column":70}},{"start":{"line":44,"column":74},"end":{"line":44,"column":88}},{"start":{"line":44,"column":92},"end":{"line":44,"column":107}}]},"13":{"loc":{"start":{"line":52,"column":8},"end":{"line":54,"column":null}},"type":"if","locations":[{"start":{"line":52,"column":8},"end":{"line":54,"column":null}}]}},"s":{"0":7,"1":4,"2":3,"3":12,"4":12,"5":1,"6":11,"7":4,"8":7,"9":4,"10":3,"11":3,"12":1,"13":2,"14":1,"15":1,"16":0,"17":0,"18":0,"19":0,"20":0,"21":0,"22":0,"23":0,"24":0,"25":0,"26":0,"27":0,"28":0,"29":0,"30":0,"31":1},"f":{"0":7,"1":12,"2":3,"3":0,"4":0,"5":0},"b":{"0":[4],"1":[7,7],"2":[1,11],"3":[12,5,12],"4":[4,7],"5":[4,3],"6":[1,2],"7":[1,1],"8":[0,0],"9":[0,0],"10":[0,0],"11":[0,0],"12":[0,0,0,0,0],"13":[0]}}
}
