TN:
SF:src\common\apiEndpoint.ts
FN:4,(anonymous_1)
FN:8,(anonymous_2)
FN:12,(anonymous_3)
FN:16,(anonymous_4)
FN:20,(anonymous_5)
FN:24,(anonymous_6)
FN:28,(anonymous_7)
FNF:7
FNH:7
FNDA:1,(anonymous_1)
FNDA:1,(anonymous_2)
FNDA:1,(anonymous_3)
FNDA:1,(anonymous_4)
FNDA:1,(anonymous_5)
FNDA:1,(anonymous_6)
FNDA:1,(anonymous_7)
DA:1,1
DA:5,1
DA:9,1
DA:13,1
DA:17,1
DA:21,1
DA:25,1
DA:29,1
DA:57,1
LF:9
LH:9
BRF:0
BRH:0
end_of_record
TN:
SF:src\common\format.ts
FN:3,(anonymous_0)
FN:24,(anonymous_1)
FNF:2
FNH:2
FNDA:10,(anonymous_0)
FNDA:6,(anonymous_1)
DA:4,10
DA:5,10
DA:6,1
DA:7,9
DA:8,4
DA:9,4
DA:10,4
DA:11,4
DA:12,1
DA:13,3
DA:14,1
DA:15,2
DA:16,1
DA:18,1
DA:20,5
DA:26,6
DA:28,0
DA:31,6
DA:32,6
DA:35,6
DA:36,3
DA:40,3
DA:41,3
DA:43,3
DA:47,1
LF:25
LH:24
BRDA:5,0,0,1
BRDA:5,0,1,9
BRDA:5,1,0,10
BRDA:5,1,1,6
BRDA:7,2,0,4
BRDA:7,2,1,5
BRDA:7,3,0,9
BRDA:7,3,1,4
BRDA:11,4,0,1
BRDA:11,4,1,3
BRDA:11,5,0,4
BRDA:11,5,1,2
BRDA:13,6,0,1
BRDA:13,6,1,2
BRDA:15,7,0,1
BRDA:26,8,0,0
BRDA:26,9,0,6
BRDA:26,9,1,6
BRDA:35,10,0,3
BRDA:35,11,0,6
BRDA:35,11,1,3
BRF:21
BRH:20
end_of_record
TN:
SF:src\common\httpCommon.ts
FNF:0
FNH:0
DA:1,1
DA:3,1
DA:10,1
LF:3
LH:3
BRF:0
BRH:0
end_of_record
TN:
SF:src\common\vaildation.ts
FN:3,(anonymous_0)
FN:10,(anonymous_1)
FN:22,(anonymous_2)
FN:31,(anonymous_3)
FN:41,(anonymous_4)
FN:50,(anonymous_5)
FNF:6
FNH:3
FNDA:7,(anonymous_0)
FNDA:12,(anonymous_1)
FNDA:3,(anonymous_2)
FNDA:0,(anonymous_3)
FNDA:0,(anonymous_4)
FNDA:0,(anonymous_5)
DA:4,7
DA:5,4
DA:7,3
DA:11,12
DA:12,12
DA:13,1
DA:14,11
DA:15,4
DA:16,7
DA:17,4
DA:19,3
DA:23,3
DA:24,1
DA:25,2
DA:26,1
DA:28,1
DA:32,0
DA:33,0
DA:34,0
DA:35,0
DA:36,0
DA:38,0
DA:42,0
DA:43,0
DA:44,0
DA:45,0
DA:47,0
DA:51,0
DA:52,0
DA:53,0
DA:55,0
DA:60,1
LF:32
LH:17
BRDA:4,0,0,4
BRDA:4,1,0,7
BRDA:4,1,1,7
BRDA:12,2,0,1
BRDA:12,2,1,11
BRDA:12,3,0,12
BRDA:12,3,1,5
BRDA:12,3,2,12
BRDA:14,4,0,4
BRDA:14,4,1,7
BRDA:16,5,0,4
BRDA:16,5,1,3
BRDA:23,6,0,1
BRDA:23,6,1,2
BRDA:25,7,0,1
BRDA:25,7,1,1
BRDA:33,8,0,0
BRDA:33,8,1,0
BRDA:35,9,0,0
BRDA:35,9,1,0
BRDA:42,10,0,0
BRDA:42,10,1,0
BRDA:44,11,0,0
BRDA:44,11,1,0
BRDA:44,12,0,0
BRDA:44,12,1,0
BRDA:44,12,2,0
BRDA:44,12,3,0
BRDA:44,12,4,0
BRDA:52,13,0,0
BRF:30
BRH:16
end_of_record
